<?xml version="1.0" encoding="UTF-8"?>
<testsuite name="com.example.androidapp.CalculatorTest" tests="6" skipped="0" failures="0" errors="0" timestamp="2025-07-18T20:36:03" hostname="cursor" time="0.002">
  <properties/>
  <testcase name="testMultiplication" classname="com.example.androidapp.CalculatorTest" time="0.001"/>
  <testcase name="testAddition" classname="com.example.androidapp.CalculatorTest" time="0.0"/>
  <testcase name="testDivisionByZero" classname="com.example.androidapp.CalculatorTest" time="0.001"/>
  <testcase name="testDivision" classname="com.example.androidapp.CalculatorTest" time="0.0"/>
  <testcase name="testIsPrime" classname="com.example.androidapp.CalculatorTest" time="0.0"/>
  <testcase name="testSubtraction" classname="com.example.androidapp.CalculatorTest" time="0.0"/>
  <system-out><![CDATA[]]></system-out>
  <system-err><![CDATA[]]></system-err>
</testsuite>
